This is pdfTeX, Version 3.14159265-2.6-1.40.17 (TeX Live 2016) (preloaded format=pdflatex 2016.5.22)  15 NOV 2017 17:16
entering extended mode
 restricted \write18 enabled.
 file:line:error style messages enabled.
 %&-line parsing enabled.
**suppfig.tex
(./suppfig.tex
LaTeX2e <2016/03/31>
Babel <3.9r> and hyphenation patterns for 83 language(s) loaded.
(/usr/local/texlive/2016/texmf-dist/tex/latex/base/article.cls
Document Class: article 2014/09/29 v1.4h Standard LaTeX document class
(/usr/local/texlive/2016/texmf-dist/tex/latex/base/size10.clo
File: size10.clo 2014/09/29 v1.4h Standard LaTeX file (size option)
)
\c@part=\count79
\c@section=\count80
\c@subsection=\count81
\c@subsubsection=\count82
\c@paragraph=\count83
\c@subparagraph=\count84
\c@figure=\count85
\c@table=\count86
\abovecaptionskip=\skip41
\belowcaptionskip=\skip42
\bibindent=\dimen102
)
(/usr/local/texlive/2016/texmf-dist/tex/latex/geometry/geometry.sty
Package: geometry 2010/09/12 v5.6 Page Geometry

(/usr/local/texlive/2016/texmf-dist/tex/latex/graphics/keyval.sty
Package: keyval 2014/10/28 v1.15 key=value parser (DPC)
\KV@toks@=\toks14
)
(/usr/local/texlive/2016/texmf-dist/tex/generic/oberdiek/ifpdf.sty
Package: ifpdf 2016/05/14 v3.1 Provides the ifpdf switch
)
(/usr/local/texlive/2016/texmf-dist/tex/generic/oberdiek/ifvtex.sty
Package: ifvtex 2016/05/16 v1.6 Detect VTeX and its facilities (HO)
Package ifvtex Info: VTeX not detected.
)
(/usr/local/texlive/2016/texmf-dist/tex/generic/ifxetex/ifxetex.sty
Package: ifxetex 2010/09/12 v0.6 Provides ifxetex conditional
)
\Gm@cnth=\count87
\Gm@cntv=\count88
\c@Gm@tempcnt=\count89
\Gm@bindingoffset=\dimen103
\Gm@wd@mp=\dimen104
\Gm@odd@mp=\dimen105
\Gm@even@mp=\dimen106
\Gm@layoutwidth=\dimen107
\Gm@layoutheight=\dimen108
\Gm@layouthoffset=\dimen109
\Gm@layoutvoffset=\dimen110
\Gm@dimlist=\toks15
)
(/usr/local/texlive/2016/texmf-dist/tex/latex/graphics/graphicx.sty
Package: graphicx 2014/10/28 v1.0g Enhanced LaTeX Graphics (DPC,SPQR)

(/usr/local/texlive/2016/texmf-dist/tex/latex/graphics/graphics.sty
Package: graphics 2016/05/09 v1.0r Standard LaTeX Graphics (DPC,SPQR)

(/usr/local/texlive/2016/texmf-dist/tex/latex/graphics/trig.sty
Package: trig 2016/01/03 v1.10 sin cos tan (DPC)
)
(/usr/local/texlive/2016/texmf-dist/tex/latex/graphics-cfg/graphics.cfg
File: graphics.cfg 2016/01/02 v1.10 sample graphics configuration
)
Package graphics Info: Driver file: pdftex.def on input line 96.

(/usr/local/texlive/2016/texmf-dist/tex/latex/pdftex-def/pdftex.def
File: pdftex.def 2011/05/27 v0.06d Graphics/color for pdfTeX

(/usr/local/texlive/2016/texmf-dist/tex/generic/oberdiek/infwarerr.sty
Package: infwarerr 2016/05/16 v1.4 Providing info/warning/error messages (HO)
)
(/usr/local/texlive/2016/texmf-dist/tex/generic/oberdiek/ltxcmds.sty
Package: ltxcmds 2016/05/16 v1.23 LaTeX kernel commands for general use (HO)
)
\Gread@gobject=\count90
))
\Gin@req@height=\dimen111
\Gin@req@width=\dimen112
)
(/usr/local/texlive/2016/texmf-dist/tex/latex/hyperref/hyperref.sty
Package: hyperref 2016/05/05 v6.83n Hypertext links for LaTeX

(/usr/local/texlive/2016/texmf-dist/tex/generic/oberdiek/hobsub-hyperref.sty
Package: hobsub-hyperref 2016/05/16 v1.14 Bundle oberdiek, subset hyperref (HO)


(/usr/local/texlive/2016/texmf-dist/tex/generic/oberdiek/hobsub-generic.sty
Package: hobsub-generic 2016/05/16 v1.14 Bundle oberdiek, subset generic (HO)
Package: hobsub 2016/05/16 v1.14 Construct package bundles (HO)
Package hobsub Info: Skipping package `infwarerr' (already loaded).
Package hobsub Info: Skipping package `ltxcmds' (already loaded).
Package: ifluatex 2016/05/16 v1.4 Provides the ifluatex switch (HO)
Package ifluatex Info: LuaTeX not detected.
Package hobsub Info: Skipping package `ifvtex' (already loaded).
Package: intcalc 2016/05/16 v1.2 Expandable calculations with integers (HO)
Package hobsub Info: Skipping package `ifpdf' (already loaded).
Package: etexcmds 2016/05/16 v1.6 Avoid name clashes with e-TeX commands (HO)
Package etexcmds Info: Could not find \expanded.
(etexcmds)             That can mean that you are not using pdfTeX 1.50 or
(etexcmds)             that some package has redefined \expanded.
(etexcmds)             In the latter case, load this package earlier.
Package: kvsetkeys 2016/05/16 v1.17 Key value parser (HO)
Package: kvdefinekeys 2016/05/16 v1.4 Define keys (HO)
Package: pdftexcmds 2016/05/10 v0.21 Utility functions of pdfTeX for LuaTeX (HO
)
Package pdftexcmds Info: LuaTeX not detected.
Package pdftexcmds Info: \pdf@primitive is available.
Package pdftexcmds Info: \pdf@ifprimitive is available.
Package pdftexcmds Info: \pdfdraftmode found.
Package: pdfescape 2016/05/16 v1.14 Implements pdfTeX's escape features (HO)
Package: bigintcalc 2016/05/16 v1.4 Expandable calculations on big integers (HO
)
Package: bitset 2016/05/16 v1.2 Handle bit-vector datatype (HO)
Package: uniquecounter 2016/05/16 v1.3 Provide unlimited unique counter (HO)
)
Package hobsub Info: Skipping package `hobsub' (already loaded).
Package: letltxmacro 2016/05/16 v1.5 Let assignment for LaTeX macros (HO)
Package: hopatch 2016/05/16 v1.3 Wrapper for package hooks (HO)
Package: xcolor-patch 2016/05/16 xcolor patch
Package: atveryend 2016/05/16 v1.9 Hooks at the very end of document (HO)
Package atveryend Info: \enddocument detected (standard20110627).
Package: atbegshi 2016/05/16 v1.17 At begin shipout hook (HO)
Package: refcount 2016/05/16 v3.5 Data extraction from label references (HO)
Package: hycolor 2016/05/16 v1.8 Color options for hyperref/bookmark (HO)
)
(/usr/local/texlive/2016/texmf-dist/tex/latex/oberdiek/auxhook.sty
Package: auxhook 2016/05/16 v1.4 Hooks for auxiliary files (HO)
)
(/usr/local/texlive/2016/texmf-dist/tex/latex/oberdiek/kvoptions.sty
Package: kvoptions 2016/05/16 v3.12 Key value format for package options (HO)
)
\@linkdim=\dimen113
\Hy@linkcounter=\count91
\Hy@pagecounter=\count92

(/usr/local/texlive/2016/texmf-dist/tex/latex/hyperref/pd1enc.def
File: pd1enc.def 2016/05/05 v6.83n Hyperref: PDFDocEncoding definition (HO)
)
\Hy@SavedSpaceFactor=\count93

(/usr/local/texlive/2016/texmf-dist/tex/latex/latexconfig/hyperref.cfg
File: hyperref.cfg 2002/06/06 v1.2 hyperref configuration of TeXLive
)
Package hyperref Info: Option `draft' set `true' on input line 4322.
Package hyperref Info: Hyper figures OFF on input line 4446.
Package hyperref Info: Link nesting OFF on input line 4451.
Package hyperref Info: Hyper index ON on input line 4454.
Package hyperref Info: Plain pages OFF on input line 4461.
Package hyperref Info: Backreferencing OFF on input line 4466.
Package hyperref Info: Implicit mode ON; LaTeX internals redefined.
Package hyperref Info: Bookmarks ON on input line 4691.
\c@Hy@tempcnt=\count94

(/usr/local/texlive/2016/texmf-dist/tex/latex/url/url.sty
\Urlmuskip=\muskip10
Package: url 2013/09/16  ver 3.4  Verb mode for urls, etc.
)
LaTeX Info: Redefining \url on input line 5044.
\XeTeXLinkMargin=\dimen114
\Fld@menulength=\count95
\Field@Width=\dimen115
\Fld@charsize=\dimen116
Package hyperref Info: Hyper figures OFF on input line 6298.
Package hyperref Info: Link nesting OFF on input line 6303.
Package hyperref Info: Hyper index ON on input line 6306.
Package hyperref Info: backreferencing OFF on input line 6313.
Package hyperref Info: Link coloring OFF on input line 6318.
Package hyperref Info: Link coloring with OCG OFF on input line 6323.
Package hyperref Info: PDF/A mode OFF on input line 6328.
LaTeX Info: Redefining \ref on input line 6368.
LaTeX Info: Redefining \pageref on input line 6372.
\Hy@abspage=\count96
\c@Item=\count97
\c@Hfootnote=\count98
)

Package hyperref Message: Driver (autodetected): hpdftex.

(/usr/local/texlive/2016/texmf-dist/tex/latex/hyperref/hpdftex.def
File: hpdftex.def 2016/05/05 v6.83n Hyperref driver for pdfTeX
\Fld@listcount=\count99
\c@bookmark@seq@number=\count100

(/usr/local/texlive/2016/texmf-dist/tex/latex/oberdiek/rerunfilecheck.sty
Package: rerunfilecheck 2016/05/16 v1.8 Rerun checks for auxiliary files (HO)
Package uniquecounter Info: New unique counter `rerunfilecheck' on input line 2
82.
)
\Hy@SectionHShift=\skip43
)
(/usr/local/texlive/2016/texmf-dist/tex/latex/caption/caption.sty
Package: caption 2016/02/21 v3.3-144 Customizing captions (AR)

(/usr/local/texlive/2016/texmf-dist/tex/latex/caption/caption3.sty
Package: caption3 2016/02/04 v1.7-139 caption3 kernel (AR)
Package caption3 Info: TeX engine: e-TeX on input line 67.
\captionmargin=\dimen117
\captionmargin@=\dimen118
\captionwidth=\dimen119
\caption@tempdima=\dimen120
\caption@indent=\dimen121
\caption@parindent=\dimen122
\caption@hangindent=\dimen123
)
\c@ContinuedFloat=\count101
Package caption Info: hyperref package is loaded.
)
(./suppfig.aux)
\openout1 = `suppfig.aux'.

LaTeX Font Info:    Checking defaults for OML/cmm/m/it on input line 20.
LaTeX Font Info:    ... okay on input line 20.
LaTeX Font Info:    Checking defaults for T1/cmr/m/n on input line 20.
LaTeX Font Info:    ... okay on input line 20.
LaTeX Font Info:    Checking defaults for OT1/cmr/m/n on input line 20.
LaTeX Font Info:    ... okay on input line 20.
LaTeX Font Info:    Checking defaults for OMS/cmsy/m/n on input line 20.
LaTeX Font Info:    ... okay on input line 20.
LaTeX Font Info:    Checking defaults for OMX/cmex/m/n on input line 20.
LaTeX Font Info:    ... okay on input line 20.
LaTeX Font Info:    Checking defaults for U/cmr/m/n on input line 20.
LaTeX Font Info:    ... okay on input line 20.
LaTeX Font Info:    Checking defaults for PD1/pdf/m/n on input line 20.
LaTeX Font Info:    ... okay on input line 20.

*geometry* driver: auto-detecting
*geometry* detected driver: pdftex
*geometry* verbose mode - [ preamble ] result:
* driver: pdftex
* paper: letterpaper
* layout: <same size as paper>
* layoutoffset:(h,v)=(0.0pt,0.0pt)
* modes: 
* h-part:(L,W,R)=(198.7425pt, 323.40732pt, 92.14519pt)
* v-part:(T,H,B)=(61.42993pt, 638.14268pt, 95.39737pt)
* \paperwidth=614.295pt
* \paperheight=794.96999pt
* \textwidth=455.24408pt
* \textheight=597.50787pt
* \oddsidemargin=14.22636pt
* \evensidemargin=14.22636pt
* \topmargin=0.0pt
* \headheight=12.0pt
* \headsep=25.0pt
* \topskip=10.0pt
* \footskip=54.2025pt
* \marginparwidth=65.0pt
* \marginparsep=11.0pt
* \columnsep=10.0pt
* \skip\footins=9.0pt plus 4.0pt minus 2.0pt
* \hoffset=0.0pt
* \voffset=0.0pt
* \mag=1000
* \@twocolumnfalse
* \@twosidefalse
* \@mparswitchfalse
* \@reversemarginfalse
* (1in=72.27pt=25.4mm, 1cm=28.453pt)

(/usr/local/texlive/2016/texmf-dist/tex/context/base/mkii/supp-pdf.mkii
[Loading MPS to PDF converter (version 2006.09.02).]
\scratchcounter=\count102
\scratchdimen=\dimen124
\scratchbox=\box26
\nofMPsegments=\count103
\nofMParguments=\count104
\everyMPshowfont=\toks16
\MPscratchCnt=\count105
\MPscratchDim=\dimen125
\MPnumerator=\count106
\makeMPintoPDFobject=\count107
\everyMPtoPDFconversion=\toks17
) (/usr/local/texlive/2016/texmf-dist/tex/latex/oberdiek/epstopdf-base.sty
Package: epstopdf-base 2016/05/15 v2.6 Base part for package epstopdf

(/usr/local/texlive/2016/texmf-dist/tex/latex/oberdiek/grfext.sty
Package: grfext 2016/05/16 v1.2 Manage graphics extensions (HO)
)
Package grfext Info: Graphics extension search list:
(grfext)             [.png,.pdf,.jpg,.mps,.jpeg,.jbig2,.jb2,.PNG,.PDF,.JPG,.JPE
G,.JBIG2,.JB2,.eps]
(grfext)             \AppendGraphicsExtensions on input line 456.

(/usr/local/texlive/2016/texmf-dist/tex/latex/latexconfig/epstopdf-sys.cfg
File: epstopdf-sys.cfg 2010/07/13 v1.3 Configuration of (r)epstopdf for TeX Liv
e
))
\AtBeginShipoutBox=\box27


Package hyperref Warning: Draft mode on.

Package hyperref Info: Link coloring OFF on input line 20.
(/usr/local/texlive/2016/texmf-dist/tex/latex/hyperref/nameref.sty
Package: nameref 2012/10/27 v2.43 Cross-referencing by name of section

(/usr/local/texlive/2016/texmf-dist/tex/generic/oberdiek/gettitlestring.sty
Package: gettitlestring 2016/05/16 v1.5 Cleanup title references (HO)
)
\c@section@level=\count108
)
LaTeX Info: Redefining \ref on input line 20.
LaTeX Info: Redefining \pageref on input line 20.
LaTeX Info: Redefining \nameref on input line 20.
Package caption Info: Begin \AtBeginDocument code.
Package caption Info: End \AtBeginDocument code.

[1

{/usr/local/texlive/2016/texmf-var/fonts/map/pdftex/updmap/pdftex.map}]
<../figures/Figure8.pdf, id=7, 433.62pt x 433.62pt>
File: ../figures/Figure8.pdf Graphic file (type pdf)

<use ../figures/Figure8.pdf>
Package pdftex.def Info: ../figures/Figure8.pdf used on input line 26.
(pdftex.def)             Requested size: 361.36676pt x 361.36676pt.
LaTeX Font Info:    External font `cmex10' loaded for size
(Font)              <7> on input line 27.
LaTeX Font Info:    External font `cmex10' loaded for size
(Font)              <5> on input line 27.

Underfull \hbox (badness 2818) in paragraph at lines 27--27
[]\OT1/cmr/bx/n/10 Figure 1: |Mir-ror Prop-erty of ED-L-ogo: (panel a) ED-L-ogo
 plot of the po-si-
 []


Underfull \hbox (badness 1515) in paragraph at lines 27--27
\OT1/cmr/bx/n/10 tion weight ma-trix (PWM) of the pri-mary dis-cov-ered mo-tif 
\OT1/cmr/bx/it/10 disc1 \OT1/cmr/bx/n/10 (in EN-CODE
 []

<../figures/Figure2.pdf, id=8, 1084.05pt x 1011.78pt>
File: ../figures/Figure2.pdf Graphic file (type pdf)

<use ../figures/Figure2.pdf>
Package pdftex.def Info: ../figures/Figure2.pdf used on input line 34.
(pdftex.def)             Requested size: 505.88104pt x 433.62114pt.

Overfull \hbox (50.63696pt too wide) in paragraph at lines 34--35
 [][] 
 []


Underfull \hbox (badness 2626) in paragraph at lines 35--35
[]\OT1/cmr/bx/n/10 Figure 2: |ED-l-ogo plot of the dif-fer-ent mo-tifs of the E
BF1 tran-scrip-tion fac-
 []


Underfull \hbox (badness 2689) in paragraph at lines 35--35
\OT1/cmr/bx/n/10 tor: \OT1/cmr/bx/it/10 ED-l-ogo \OT1/cmr/bx/n/10 plot is pre-s
ented for 6 re-ported mo-tifs of the tran-scrip-tion fac-
 []


Underfull \hbox (badness 1264) in paragraph at lines 35--35
\OT1/cmr/bx/n/10 tor Early B cell Fac-tor 1 (EBF1) in EN-CODE project - 4 of wh
ich are pre-vi-
 []


Underfull \hbox (badness 4084) in paragraph at lines 35--35
\OT1/cmr/bx/n/10 ously known from lit-er-a-ture (\OT1/cmr/bx/it/10 known1 \OT1/
cmr/bx/n/10 and \OT1/cmr/bx/it/10 known2 \OT1/cmr/bx/n/10 from TRANS-FAC databa
se
 []


Underfull \hbox (badness 10000) in paragraph at lines 35--35
\OT1/cmr/bx/n/10 [[]], \OT1/cmr/bx/it/10 known3 \OT1/cmr/bx/n/10 from JAS-PAR
 []


Underfull \hbox (badness 10000) in paragraph at lines 35--35
\OT1/cmr/bx/n/10 database [[]] and
 []


Overfull \hbox (183.17152pt too wide) in paragraph at lines 35--35
\OT1/cmr/bx/it/10 known4 \OT1/cmr/bx/n/10 from [[]])
 []


Underfull \hbox (badness 10000) in paragraph at lines 35--35
\OT1/cmr/bx/n/10 and 2 are dis-cov-ered (\OT1/cmr/bx/it/10 disc1 \OT1/cmr/bx/n/
10 and \OT1/cmr/bx/it/10 disc2\OT1/cmr/bx/n/10 ) by the EN-CODE project
 []


LaTeX Warning: `!h' float specifier changed to `!ht'.

<../figures/Figure7/Figure7.pdf, id=9, 1027.84pt x 770.88pt>
File: ../figures/Figure7/Figure7.pdf Graphic file (type pdf)

<use ../figures/Figure7/Figure7.pdf>
Package pdftex.def Info: ../figures/Figure7/Figure7.pdf used on input line 41.
(pdftex.def)             Requested size: 505.88876pt x 433.61894pt.

Overfull \hbox (50.64468pt too wide) in paragraph at lines 41--43
 [][] 
 []


Underfull \hbox (badness 1831) in paragraph at lines 43--43
\OT1/cmr/bx/n/10 Shi-raishi et al (2015) [[]]
 []


Underfull \hbox (badness 10000) in paragraph at lines 43--43
\OT1/cmr/bx/n/10 for vi-su-al-iz-ing the can-cer mu-ta-tion sig-na-ture of lym-
phoma B cell
 []


Underfull \hbox (badness 2302) in paragraph at lines 43--43
\OT1/cmr/bx/n/10 [[]]. The
 []


LaTeX Warning: `!h' float specifier changed to `!ht'.

<../figures/Figure6.pdf, id=10, 1806.75pt x 1445.4pt>
File: ../figures/Figure6.pdf Graphic file (type pdf)

<use ../figures/Figure6.pdf>
Package pdftex.def Info: ../figures/Figure6.pdf used on input line 51.
(pdftex.def)             Requested size: 505.88655pt x 433.62335pt.

Overfull \hbox (50.64247pt too wide) in paragraph at lines 51--53
 [][] 
 []


LaTeX Warning: `!h' float specifier changed to `!ht'.

<../figures/Figure5/Figure51.pdf, id=11, 1027.84pt x 770.88pt>
File: ../figures/Figure5/Figure51.pdf Graphic file (type pdf)

<use ../figures/Figure5/Figure51.pdf>
Package pdftex.def Info: ../figures/Figure5/Figure51.pdf used on input line 60.

(pdftex.def)             Requested size: 505.88876pt x 433.61894pt.

Overfull \hbox (50.64468pt too wide) in paragraph at lines 60--62
 [][] 
 []


LaTeX Warning: `!h' float specifier changed to `!ht'.

<../figures/Figure9/Figure91.pdf, id=12, 1027.84pt x 770.88pt>
File: ../figures/Figure9/Figure91.pdf Graphic file (type pdf)

<use ../figures/Figure9/Figure91.pdf>
Package pdftex.def Info: ../figures/Figure9/Figure91.pdf used on input line 70.

(pdftex.def)             Requested size: 505.88876pt x 433.61894pt.

Overfull \hbox (50.64468pt too wide) in paragraph at lines 70--71
 [][] 
 []


LaTeX Warning: `!h' float specifier changed to `!ht'.

[2 <../figures/Figure8.pdf>]

LaTeX Warning: Text page 3 contains only floats.


Overfull \vbox (4.11327pt too high) has occurred while \output is active []


[3 <../figures/Figure2.pdf>] (./suppfig.bbl
Underfull \hbox (badness 10000) in paragraph at lines 10--14
[]\OT1/cmr/m/n/10 L. Alexan-drov,
 []


Overfull \vbox (5.01382pt too high) has occurred while \output is active []


[4 <../figures/Figure7/Figure7.pdf>]
Overfull \hbox (42.39584pt too wide) in paragraph at lines 17--21
[]
 []

[5 <../figures/Figure6.pdf>] [6 <../figures/Figure5/Figure51.pdf>] [7 <../figur
es/Figure9/Figure91.pdf>])
Package atveryend Info: Empty hook `BeforeClearDocument' on input line 83.
 [8]
Package atveryend Info: Empty hook `AfterLastShipout' on input line 83.
 (./suppfig.aux)
Package atveryend Info: Executing hook `AtVeryEndDocument' on input line 83.
Package atveryend Info: Empty hook `AtEndAfterFileList' on input line 83.
Package atveryend Info: Empty hook `AtVeryVeryEnd' on input line 83.
 ) 
Here is how much of TeX's memory you used:
 6551 strings out of 493014
 101812 string characters out of 6133351
 198917 words of memory out of 5000000
 10062 multiletter control sequences out of 15000+600000
 5258 words of font info for 19 fonts, out of 8000000 for 9000
 1141 hyphenation exceptions out of 8191
 36i,5n,39p,897b,425s stack positions out of 5000i,500n,10000p,200000b,80000s
</usr/local/texlive/2016/texmf-dist/fonts/type1/public/amsfonts/cm/cmbx10.pfb
></usr/local/texlive/2016/texmf-dist/fonts/type1/public/amsfonts/cm/cmbx12.pfb>
</usr/local/texlive/2016/texmf-dist/fonts/type1/public/amsfonts/cm/cmbxti10.pfb
></usr/local/texlive/2016/texmf-dist/fonts/type1/public/amsfonts/cm/cmmi10.pfb>
</usr/local/texlive/2016/texmf-dist/fonts/type1/public/amsfonts/cm/cmr10.pfb></
usr/local/texlive/2016/texmf-dist/fonts/type1/public/amsfonts/cm/cmti10.pfb>
Output written on suppfig.pdf (8 pages, 4036559 bytes).
PDF statistics:
 146 PDF objects out of 1000 (max. 8388607)
 102 compressed objects within 2 object streams
 0 named destinations out of 1000 (max. 500000)
 31 words of extra memory for PDF output out of 10000 (max. 10000000)

